time="2022-10-06T20:23:14+03:00" level=info msg="create router" func="&{{}}()" file="app.go:15"
time="2022-10-06T20:23:14+03:00" level=info msg="register user handler" func="&{{}}()" file="app.go:18"
time="2022-10-06T20:26:58+03:00" level=info msg="create router" func="&{{}}()" file="app.go:14"
time="2022-10-06T20:26:58+03:00" level=info msg="register user handler" func="&{{}}()" file="app.go:17"
time="2022-10-06T20:26:58+03:00" level=info msg="start application" func="&{{}}()" file="app.go:26"
time="2022-10-06T20:26:58+03:00" level=info msg="server is listening port 1234" func="&{{}}()" file="app.go:38"
time="2022-10-14T17:00:01+03:00" level=info msg="create router" func="&{{}}()" file="app.go:19"
time="2022-10-14T17:00:01+03:00" level=info msg="read application configuration" func="&{{}}()" file="config.go:24"
time="2022-10-14T17:00:01+03:00" level=info msg="register user handler" func="&{{}}()" file="app.go:24"
time="2022-10-14T17:00:01+03:00" level=info msg="start application" func="&{{}}()" file="app.go:33"
time="2022-10-14T17:00:01+03:00" level=info msg="listen tcp" func="&{{}}()" file="app.go:50"
time="2022-10-14T17:00:01+03:00" level=info msg="server is listening port 0.0.0.0:10000" func="&{{}}()" file="app.go:63"
time="2022-10-14T17:05:16+03:00" level=info msg="create router" func="&{{}}()" file="app.go:19"
time="2022-10-14T17:05:16+03:00" level=info msg="read application configuration" func="&{{}}()" file="config.go:24"
time="2022-10-14T17:05:16+03:00" level=info msg="register user handler" func="&{{}}()" file="app.go:24"
time="2022-10-14T17:05:16+03:00" level=info msg="start application" func="&{{}}()" file="app.go:33"
time="2022-10-14T17:05:16+03:00" level=info msg="listen tcp" func="&{{}}()" file="app.go:51"
time="2022-10-14T17:05:16+03:00" level=info msg="server is listening port 0.0.0.0:10000" func="&{{}}()" file="app.go:53"
time="2022-10-14T17:05:43+03:00" level=info msg="create router" func="&{{}}()" file="app.go:19"
time="2022-10-14T17:05:43+03:00" level=info msg="read application configuration" func="&{{}}()" file="config.go:24"
time="2022-10-14T17:05:43+03:00" level=info msg="register user handler" func="&{{}}()" file="app.go:24"
time="2022-10-14T17:05:43+03:00" level=info msg="start application" func="&{{}}()" file="app.go:33"
time="2022-10-14T17:05:43+03:00" level=info msg="detect app path" func="&{{}}()" file="app.go:39"
time="2022-10-14T17:05:43+03:00" level=info msg="create socket" func="&{{}}()" file="app.go:44"
time="2022-10-14T17:05:43+03:00" level=info msg="listen unix socket" func="&{{}}()" file="app.go:47"
time="2022-10-14T17:05:43+03:00" level=info msg="server is listening unix socket: C:\\Users\\sedmit\\AppData\\Local\\Temp\\GoLand/app.sock" func="&{{}}()" file="app.go:49"
time="2022-11-22T21:22:29+03:00" level=info msg="create router" func="&{{}}()" file="app.go:22"
time="2022-11-22T21:22:29+03:00" level=info msg="read application configuration" func="&{{}}()" file="config.go:33"
time="2022-11-22T21:22:29+03:00" level=debug msg="create user" func="&{{}}()" file="mongodb.go:20"
time="2022-11-22T21:24:42+03:00" level=info msg="create router" func="&{{}}()" file="app.go:22"
time="2022-11-22T21:24:42+03:00" level=info msg="read application configuration" func="&{{}}()" file="config.go:33"
time="2022-11-22T21:24:42+03:00" level=debug msg="create user" func="&{{}}()" file="mongodb.go:20"
time="2022-11-22T21:24:42+03:00" level=debug msg="convert InsertedId to ObjectId" func="&{{}}()" file="mongodb.go:26"
time="2022-11-22T21:24:42+03:00" level=info msg=637d13ea7c44787232fde8ac func="&{{}}()" file="app.go:45"
time="2022-11-22T21:24:42+03:00" level=debug msg="create user" func="&{{}}()" file="mongodb.go:20"
time="2022-11-22T21:24:42+03:00" level=debug msg="convert InsertedId to ObjectId" func="&{{}}()" file="mongodb.go:26"
time="2022-11-22T21:24:42+03:00" level=info msg=637d13ea7c44787232fde8ad func="&{{}}()" file="app.go:57"
time="2022-11-22T21:24:42+03:00" level=trace msg="Matched 1 documents and Modified 1 documents" func="&{{}}()" file="mongodb.go:89"
time="2022-11-22T21:24:42+03:00" level=trace msg="Deleted 1 documents" func="&{{}}()" file="mongodb.go:111"
time="2022-11-22T21:26:20+03:00" level=info msg="create router" func="&{{}}()" file="app.go:22"
time="2022-11-22T21:26:20+03:00" level=info msg="read application configuration" func="&{{}}()" file="config.go:33"
time="2022-11-22T21:26:20+03:00" level=debug msg="create user" func="&{{}}()" file="mongodb.go:20"
time="2022-11-22T21:26:20+03:00" level=debug msg="convert InsertedId to ObjectId" func="&{{}}()" file="mongodb.go:26"
time="2022-11-22T21:26:20+03:00" level=info msg=637d144c700ac0c46a16f51e func="&{{}}()" file="app.go:45"
time="2022-11-22T21:26:20+03:00" level=debug msg="create user" func="&{{}}()" file="mongodb.go:20"
time="2022-11-22T21:26:20+03:00" level=debug msg="convert InsertedId to ObjectId" func="&{{}}()" file="mongodb.go:26"
time="2022-11-22T21:26:20+03:00" level=info msg=637d144c700ac0c46a16f51f func="&{{}}()" file="app.go:57"
time="2022-11-22T21:26:20+03:00" level=debug msg="create user" func="&{{}}()" file="mongodb.go:20"
time="2022-11-22T21:26:20+03:00" level=debug msg="convert InsertedId to ObjectId" func="&{{}}()" file="mongodb.go:26"
time="2022-11-22T21:26:20+03:00" level=info msg=637d144c700ac0c46a16f520 func="&{{}}()" file="app.go:88"
time="2022-11-22T21:26:20+03:00" level=info msg="register user handler" func="&{{}}()" file="app.go:90"
time="2022-11-22T21:26:20+03:00" level=info msg="start application" func="&{{}}()" file="app.go:99"
time="2022-11-22T21:26:20+03:00" level=info msg="listen tcp" func="&{{}}()" file="app.go:117"
time="2022-11-22T21:26:20+03:00" level=info msg="server is listening port 0.0.0.0:10000" func="&{{}}()" file="app.go:119"
time="2022-11-22T21:49:09+03:00" level=info msg="create router" func="&{{}}()" file="app.go:22"
time="2022-11-22T21:49:09+03:00" level=info msg="read application configuration" func="&{{}}()" file="config.go:33"
